        -:    0:Source:/mnt/c/Users/astan/Desktop/OOP/lab6-7/main.cpp
        -:    0:Graph:/mnt/c/Users/astan/Desktop/OOP/lab6-7/cmake-build-debug-coverage/CMakeFiles/lab6_7.dir/main.cpp.gcno
        -:    0:Data:/mnt/c/Users/astan/Desktop/OOP/lab6-7/cmake-build-debug-coverage/CMakeFiles/lab6_7.dir/main.cpp.gcda
        -:    0:Runs:1
        -:    1:#include "teste/teste.h"
        -:    2:#include "service/Service.h"
        -:    3:#include "ui/Ui.h"
        -:    4:
function main called 1 returned 100% blocks executed 100%
        1:    5:int main() {
        1:    6:    test_all();
        1:    6-block  0
call    0 returned 1
        -:    7:    /*Repo repo = Repo();
        -:    8:    Service service = Service(repo);
        -:    9:    Ui ui = Ui(service);
        -:   10:    ui.runUi();*/
        -:   11:
        1:   12:    return 0;
        -:   13:}
