        -:    0:Source:/mnt/c/Users/astan/Desktop/OOP/lab6-7/domain/Masina.cpp
        -:    0:Graph:/mnt/c/Users/astan/Desktop/OOP/lab6-7/cmake-build-debug-coverage/CMakeFiles/lab6_7.dir/domain/Masina.cpp.gcno
        -:    0:Data:/mnt/c/Users/astan/Desktop/OOP/lab6-7/cmake-build-debug-coverage/CMakeFiles/lab6_7.dir/domain/Masina.cpp.gcda
        -:    0:Runs:1
        -:    1://
        -:    2:// Created by astan on 4/3/2023.
        -:    3://
        -:    4:
        -:    5:#include "Masina.h"
        -:    6:
        -:    7:using namespace std;
        -:    8:
function _ZN6MasinaC2Ev called 15 returned 100% blocks executed 100%
       15:    9:Masina::Masina()=default;
       15:    9-block  0
call    0 returned 15
call    1 returned 15
call    2 returned 15
function _ZN6MasinaC2EiNSt7__cxx1112basic_stringIcSt11char_traitsIcESaIcEEES5_S5_ called 16 returned 100% blocks executed 100%
       16:   10:Masina::Masina(int nrInmatriculare, std::string producator, std::string model, std::string tip){
       16:   10-block  0
call    0 returned 16
call    1 returned 16
call    2 returned 16
       16:   11:    this->nrInmatriculare = nrInmatriculare;
       16:   12:    this->producator = std::move(producator);
call    0 returned 16
call    1 returned 16
       16:   13:    this->model = std::move(model);
call    0 returned 16
call    1 returned 16
       16:   14:    this->tip = std::move(tip);
call    0 returned 16
call    1 returned 16
        -:   15:
       16:   16:}
function _ZN6MasinaC2ERKS_ called 48 returned 100% blocks executed 62%
       48:   17:Masina::Masina(const Masina& a):nrInmatriculare(a.nrInmatriculare),producator(a.producator),model(a.model),tip(a.tip){}
       48:   17-block  0
call    0 returned 48
call    1 returned 48
branch  2 taken 48 (fallthrough)
branch  3 taken 0 (throw)
       48:   17-block  1
call    4 returned 48
branch  5 taken 48 (fallthrough)
branch  6 taken 0 (throw)
       48:   17-block  2
    $$$$$:   17-block  3
call    7 never executed
    $$$$$:   17-block  4
call    8 never executed
function _ZlsRSoRK6Masina called 0 returned 0% blocks executed 0%
    #####:   18:std::ostream& operator <<(std::ostream& os, const Masina& m){
    #####:   19:    os<<m.nrInmatriculare<<" "<<m.producator<<" "<<m.model<<" "<<m.tip<<"\n";
    %%%%%:   19-block  0
call    0 never executed
call    1 never executed
call    2 never executed
call    3 never executed
call    4 never executed
call    5 never executed
call    6 never executed
call    7 never executed
    #####:   20:    return os;
        -:   21:}
        -:   22:
function _ZrsRSiR6Masina called 0 returned 0% blocks executed 0%
    #####:   23:std::istream& operator >>(std::istream& is, Masina& m){
    #####:   24:    is>>m.nrInmatriculare>>m.producator>>m.model>>m.tip;
    %%%%%:   24-block  0
call    0 never executed
call    1 never executed
call    2 never executed
call    3 never executed
    #####:   25:    return is;
        -:   26:}
function _ZNK6Masina18getNrInmatriculareEv called 47 returned 100% blocks executed 100%
       47:   27:int Masina::getNrInmatriculare() const{
       47:   28:    return nrInmatriculare;
       47:   28-block  0
        -:   29:}
function _ZNK6Masina13getProducatorB5cxx11Ev called 19 returned 100% blocks executed 100%
       19:   30:std::string Masina::getProducator() const{
       19:   31:    return producator;
       19:   31-block  0
call    0 returned 19
        -:   32:}
function _ZNK6Masina8getModelB5cxx11Ev called 18 returned 100% blocks executed 100%
       18:   33:std::string Masina::getModel() const{
       18:   34:    return model;
       18:   34-block  0
call    0 returned 18
        -:   35:}
function _ZNK6Masina6getTipB5cxx11Ev called 19 returned 100% blocks executed 100%
       19:   36:std::string Masina::getTip() const{
       19:   37:    return tip;
       19:   37-block  0
call    0 returned 19
        -:   38:}
function _ZN6Masina18setNrInmatriculareEi called 1 returned 100% blocks executed 100%
        1:   39:void Masina::setNrInmatriculare(int nrNou){
        1:   40:    nrInmatriculare = nrNou;
        1:   41:}
function _ZN6Masina13setProducatorENSt7__cxx1112basic_stringIcSt11char_traitsIcESaIcEEE called 1 returned 100% blocks executed 100%
        1:   42:void Masina::setProducator(std::string producatorNou){
        1:   43:    producator = std::move(producatorNou);
        1:   43-block  0
call    0 returned 1
call    1 returned 1
        1:   44:}
function _ZN6Masina8setModelENSt7__cxx1112basic_stringIcSt11char_traitsIcESaIcEEE called 1 returned 100% blocks executed 100%
        1:   45:void Masina::setModel(std::string modelNou){
        1:   46:    model = std::move(modelNou);
        1:   46-block  0
call    0 returned 1
call    1 returned 1
        1:   47:}
function _ZN6Masina6setTipENSt7__cxx1112basic_stringIcSt11char_traitsIcESaIcEEE called 1 returned 100% blocks executed 100%
        1:   48:void Masina::setTip(std::string tipNou){
        1:   49:    tip = std::move(tipNou);
        1:   49-block  0
call    0 returned 1
call    1 returned 1
        1:   50:}
