        -:    0:Source:/mnt/c/Users/astan/Desktop/OOP/lab6-7/repo/Repo.cpp
        -:    0:Graph:/mnt/c/Users/astan/Desktop/OOP/lab6-7/cmake-build-debug-coverage/CMakeFiles/lab6_7.dir/repo/Repo.cpp.gcno
        -:    0:Data:/mnt/c/Users/astan/Desktop/OOP/lab6-7/cmake-build-debug-coverage/CMakeFiles/lab6_7.dir/repo/Repo.cpp.gcda
        -:    0:Runs:1
        -:    1://
        -:    2:// Created by astan on 4/3/2023.
        -:    3://
        -:    4:
        -:    5:#include "Repo.h"
        -:    6:
function _ZN4RepoC2Ev called 5 returned 100% blocks executed 100%
        5:    7:Repo::Repo()=default;
        5:    7-block  0
call    0 returned 5
function _ZNK4Repo7getListEv called 8 returned 100% blocks executed 100%
        8:    8:const VectorDinamic<Elemtype>& Repo::getList() const noexcept{
        8:    9:    return this->list;
        8:    9-block  0
        -:   10:}
function _ZN4Repo9addToRepoERK6Masina called 10 returned 100% blocks executed 71%
       10:   11:void Repo::addToRepo(const Elemtype& e) {
       10:   12:    list.adaugaSfarsit(e);
       10:   12-block  0
call    0 returned 10
call    1 returned 10
branch  2 taken 10 (fallthrough)
branch  3 taken 0 (throw)
       10:   12-block  1
call    4 returned 10
    $$$$$:   12-block  2
call    5 never executed
       10:   13:}
        -:   14:
function _ZN4Repo14deleteFromRepoEi called 4 returned 50% blocks executed 74%
        4:   15:void Repo::deleteFromRepo(int nrInmatriculare) {
        4:   16:    Iterator<Masina> it = this->list.iterator(0);
        4:   16-block  0
call    0 returned 4
branch  1 taken 4 (fallthrough)
branch  2 taken 0 (throw)
        4:   17:    it.prim();
        4:   17-block  0
call    0 returned 4
        9:   18:    while (it.valid() && it.element().getNrInmatriculare() != nrInmatriculare)
        9:   18-block  0
call    0 returned 9
branch  1 taken 9 (fallthrough)
branch  2 taken 0 (throw)
        9:   18-block  1
branch  3 taken 7 (fallthrough)
branch  4 taken 2
        7:   18-block  2
call    5 returned 7
branch  6 taken 7 (fallthrough)
branch  7 taken 0 (throw)
        7:   18-block  3
call    8 returned 7
branch  9 taken 7 (fallthrough)
branch 10 taken 0 (throw)
        7:   18-block  4
branch 11 taken 5 (fallthrough)
branch 12 taken 2
        5:   18-block  5
        4:   18-block  6
        9:   18-block  7
branch 13 taken 7 (fallthrough)
branch 14 taken 2
        7:   18-block  8
call   15 returned 7
        9:   18-block  9
branch 16 taken 5
branch 17 taken 4 (fallthrough)
    $$$$$:   18-block 10
branch 18 never executed
branch 19 never executed
    $$$$$:   18-block 11
call   20 never executed
    $$$$$:   18-block 12
        5:   19:        it.urmator();
        5:   19-block  0
call    0 returned 5
        -:   20:
        4:   21:    if (!it.valid()){
        4:   21-block  0
call    0 returned 4
branch  1 taken 4 (fallthrough)
branch  2 taken 0 (throw)
        4:   21-block  1
branch  3 taken 2 (fallthrough)
branch  4 taken 2
        2:   22:        throw RepoException("Elementul nu se afla in lista!");
        2:   22-block  0
call    0 returned 2
call    1 returned 2
call    2 returned 2
branch  3 taken 2 (fallthrough)
branch  4 taken 0 (throw)
        2:   22-block  1
call    5 returned 2
call    6 returned 2
call    7 returned 2
call    8 returned 2
    $$$$$:   22-block  2
call    9 never executed
    $$$$$:   22-block  3
    $$$$$:   22-block  4
call   10 never executed
        -:   23:    }
        2:   24:    list.stergeElement(it);
        2:   24-block  0
call    0 returned 2
branch  1 taken 2 (fallthrough)
branch  2 taken 0 (throw)
        2:   25:}
        2:   25-block  0
        -:   26:
function _ZN4Repo13searchElementEi called 3 returned 33% blocks executed 73%
        3:   27:Elemtype Repo::searchElement(int nrInmatriculare) {
        3:   28:    Iterator<Masina> it = this->list.iterator(0);
        3:   28-block  0
call    0 returned 3
branch  1 taken 3 (fallthrough)
branch  2 taken 0 (throw)
        3:   29:    it.prim();
        3:   29-block  0
call    0 returned 3
        3:   30:    if (!it.valid()){
call    0 returned 3
branch  1 taken 3 (fallthrough)
branch  2 taken 0 (throw)
        3:   30-block  0
branch  3 taken 1 (fallthrough)
branch  4 taken 2
        1:   31:        throw RepoException("Elementul nu se afla in lista!");
        1:   31-block  0
call    0 returned 1
call    1 returned 1
call    2 returned 1
branch  3 taken 1 (fallthrough)
branch  4 taken 0 (throw)
        1:   31-block  1
call    5 returned 1
call    6 returned 1
call    7 returned 1
call    8 returned 1
    $$$$$:   31-block  2
call    9 never executed
    $$$$$:   31-block  3
    $$$$$:   31-block  4
call   10 never executed
        -:   32:    }
        -:   33:    else {
        5:   34:        while (it.valid() && it.element().getNrInmatriculare() != nrInmatriculare)
        2:   34-block  0
        5:   34-block  1
call    0 returned 5
branch  1 taken 5 (fallthrough)
branch  2 taken 0 (throw)
        5:   34-block  2
branch  3 taken 4 (fallthrough)
branch  4 taken 1
        4:   34-block  3
call    5 returned 4
branch  6 taken 4 (fallthrough)
branch  7 taken 0 (throw)
        4:   34-block  4
call    8 returned 4
branch  9 taken 4 (fallthrough)
branch 10 taken 0 (throw)
        4:   34-block  5
branch 11 taken 3 (fallthrough)
branch 12 taken 1
        3:   34-block  6
        2:   34-block  7
        5:   34-block  8
branch 13 taken 4 (fallthrough)
branch 14 taken 1
        4:   34-block  9
call   15 returned 4
        5:   34-block 10
branch 16 taken 3
branch 17 taken 2 (fallthrough)
    $$$$$:   34-block 11
branch 18 never executed
branch 19 never executed
    $$$$$:   34-block 12
call   20 never executed
    $$$$$:   34-block 13
        3:   35:            it.urmator();
        3:   35-block  0
call    0 returned 3
        -:   36:
        2:   37:        if (!it.valid()) {
        2:   37-block  0
call    0 returned 2
branch  1 taken 2 (fallthrough)
branch  2 taken 0 (throw)
        2:   37-block  1
branch  3 taken 1 (fallthrough)
branch  4 taken 1
        1:   38:            throw RepoException("Elementul nu se afla in lista!");
        1:   38-block  0
call    0 returned 1
call    1 returned 1
call    2 returned 1
branch  3 taken 1 (fallthrough)
branch  4 taken 0 (throw)
        1:   38-block  1
call    5 returned 1
call    6 returned 1
call    7 returned 1
call    8 returned 1
    $$$$$:   38-block  2
call    9 never executed
    $$$$$:   38-block  3
    $$$$$:   38-block  4
call   10 never executed
        -:   39:        }
        2:   40:        return it.element();
        1:   40-block  0
call    0 returned 1
branch  1 taken 1 (fallthrough)
branch  2 taken 0 (throw)
        1:   40-block  1
        -:   41:    }
        -:   42:}
        -:   43:
function _ZN4Repo5existE6Masina called 11 returned 100% blocks executed 86%
       11:   44:bool Repo::exist(Elemtype elem) {
       11:   45:    Iterator<Masina> it = this->list.iterator(0);
       11:   45-block  0
call    0 returned 11
branch  1 taken 11 (fallthrough)
branch  2 taken 0 (throw)
       11:   46:    it.prim();
       11:   46-block  0
call    0 returned 11
       11:   47:    if (!it.valid()){
call    0 returned 11
branch  1 taken 11 (fallthrough)
branch  2 taken 0 (throw)
       11:   47-block  0
branch  3 taken 4 (fallthrough)
branch  4 taken 7
        4:   48:        return false;
        4:   48-block  0
        -:   49:    }
        -:   50:    else {
       15:   51:        while (it.valid() && it.element().getNrInmatriculare() != elem.getNrInmatriculare())
        7:   51-block  0
       15:   51-block  1
call    0 returned 15
branch  1 taken 15 (fallthrough)
branch  2 taken 0 (throw)
       15:   51-block  2
branch  3 taken 9 (fallthrough)
branch  4 taken 6
        9:   51-block  3
call    5 returned 9
branch  6 taken 9 (fallthrough)
branch  7 taken 0 (throw)
        9:   51-block  4
call    8 returned 9
branch  9 taken 9 (fallthrough)
branch 10 taken 0 (throw)
        9:   51-block  5
call   11 returned 9
branch 12 taken 9 (fallthrough)
branch 13 taken 0 (throw)
        9:   51-block  6
branch 14 taken 8 (fallthrough)
branch 15 taken 1
        8:   51-block  7
        7:   51-block  8
       15:   51-block  9
branch 16 taken 9 (fallthrough)
branch 17 taken 6
        9:   51-block 10
call   18 returned 9
       15:   51-block 11
branch 19 taken 8
branch 20 taken 7 (fallthrough)
    $$$$$:   51-block 12
branch 21 never executed
branch 22 never executed
    $$$$$:   51-block 13
call   23 never executed
    $$$$$:   51-block 14
        8:   52:            it.urmator();
        8:   52-block  0
call    0 returned 8
        -:   53:
        7:   54:        if (!it.valid()) {
        7:   54-block  0
call    0 returned 7
branch  1 taken 7 (fallthrough)
branch  2 taken 0 (throw)
        7:   54-block  1
branch  3 taken 6 (fallthrough)
branch  4 taken 1
        6:   55:            return false;
        6:   55-block  0
        -:   56:        }
        1:   57:        return true;
        1:   57-block  0
        -:   58:    }
        -:   59:}
        -:   60:
function _ZlsRSoRK13RepoException called 0 returned 0% blocks executed 0%
    #####:   61:ostream & operator<<(ostream & out, const RepoException& ex){
    #####:   62:    for (const auto& m : ex.getMessage())
    %%%%%:   62-block  0
call    0 never executed
branch  1 never executed
branch  2 never executed
    %%%%%:   62-block  1
call    3 never executed
call    4 never executed
    %%%%%:   62-block  2
call    5 never executed
    %%%%%:   62-block  3
call    6 never executed
    %%%%%:   62-block  4
call    7 never executed
branch  8 never executed
branch  9 never executed
    #####:   63:        out << m;
call    0 never executed
branch  1 never executed
branch  2 never executed
    %%%%%:   63-block  0
call    3 never executed
    $$$$$:   63-block  1
call    4 never executed
    #####:   64:    return out;
    %%%%%:   64-block  0
        -:   65:}
