        -:    0:Source:/mnt/c/Users/astan/Desktop/OOP/lab02-04/main.c
        -:    0:Graph:/mnt/c/Users/astan/Desktop/OOP/lab02-04/cmake-build-wsl-coverage/CMakeFiles/lab02_04.dir/main.c.gcno
        -:    0:Data:/mnt/c/Users/astan/Desktop/OOP/lab02-04/cmake-build-wsl-coverage/CMakeFiles/lab02_04.dir/main.c.gcda
        -:    0:Runs:1
        -:    1:#include "UI/ui.h"
        -:    2:#include "teste/teste.h"
function main called 1 returned 100% blocks executed 100%
        1:    3:int main() {
        1:    4:    run_teste();
        1:    4-block  0
call    0 returned 1
        -:    5:    //run();
        -:    6:
        1:    7:    return 0;
        -:    8:}
