        -:    0:Source:C:/Users/astan/Desktop/OOP/lab02-04/main.c
        -:    0:Graph:C:\Users\astan\Desktop\OOP\lab02-04\cmake-build-debug-coverage\CMakeFiles\lab02_04.dir\main.c.gcno
        -:    0:Data:C:\Users\astan\Desktop\OOP\lab02-04\cmake-build-debug-coverage\CMakeFiles\lab02_04.dir\main.c.gcda
        -:    0:Runs:1
        -:    0:Programs:1
        -:    1:#include "UI/ui.h"
        -:    2:#include "teste/teste.h"
function main called 1 returned 100% blocks executed 100%
        1:    3:int main() {
        1:    3-block  0
        1:    4:    run_teste();
        1:    4-block  0
call    0 returned 1
        1:    5:    run();
call    0 returned 1
        -:    6:
        1:    7:    return 0;
        -:    8:}
